# JRE version: Java(TM) SE Runtime Environment (7.0_71-b14) (build 1.7.0_71-b14)
# Java VM: Java HotSpot(TM) Client VM (24.71-b01 mixed mode windows-x86 )
Heap
 par new generation   total 39296K, used 6726K [0x06c00000, 0x096a0000, 0x096a0000)
  eden space 34944K,  14% used [0x06c00000, 0x070f6250, 0x08e20000)
  from space 4352K,  37% used [0x08e20000, 0x08fbb678, 0x09260000)
  to   space 4352K,   0% used [0x09260000, 0x09260000, 0x096a0000)
 concurrent mark-sweep generation total 41888K, used 25131K [0x096a0000, 0x0bf88000, 0x0ec00000)
 concurrent-mark-sweep perm gen total 65536K, used 44669K [0x0ec00000, 0x12c00000, 0x12c00000)
GC Heap History (10 events):
Event: 792.209 GC heap before
{Heap before GC invocations=15 (full 26):
 par new generation   total 39296K, used 38834K [0x06c00000, 0x096a0000, 0x096a0000)
  eden space 34944K, 100% used [0x06c00000, 0x08e20000, 0x08e20000)
  from space 4352K,  89% used [0x09260000, 0x0962c938, 0x096a0000)
  to   space 4352K,   0% used [0x08e20000, 0x08e20000, 0x09260000)
 concurrent mark-sweep generation total 40356K, used 26205K [0x096a0000, 0x0be09000, 0x0ec00000)
 concurrent-mark-sweep perm gen total 65536K, used 42287K [0x0ec00000, 0x12c00000, 0x12c00000)
Event: 792.216 GC heap after
Heap after GC invocations=16 (full 26):
 par new generation   total 39296K, used 3100K [0x06c00000, 0x096a0000, 0x096a0000)
  eden space 34944K,   0% used [0x06c00000, 0x06c00000, 0x08e20000)
  from space 4352K,  71% used [0x08e20000, 0x091273c0, 0x09260000)
  to   space 4352K,   0% used [0x09260000, 0x09260000, 0x096a0000)
 concurrent mark-sweep generation total 40356K, used 26672K [0x096a0000, 0x0be09000, 0x0ec00000)
 concurrent-mark-sweep perm gen total 65536K, used 42287K [0x0ec00000, 0x12c00000, 0x12c00000)
}
Event: 796.216 GC heap before
{Heap before GC invocations=16 (full 26):
 par new generation   total 39296K, used 38044K [0x06c00000, 0x096a0000, 0x096a0000)
  eden space 34944K, 100% used [0x06c00000, 0x08e20000, 0x08e20000)
  from space 4352K,  71% used [0x08e20000, 0x091273c0, 0x09260000)
  to   space 4352K,   0% used [0x09260000, 0x09260000, 0x096a0000)
 concurrent mark-sweep generation total 40356K, used 26672K [0x096a0000, 0x0be09000, 0x0ec00000)
 concurrent-mark-sweep perm gen total 65536K, used 44007K [0x0ec00000, 0x12c00000, 0x12c00000)
Event: 796.224 GC heap after
Heap after GC invocations=17 (full 26):
 par new generation   total 39296K, used 4352K [0x06c00000, 0x096a0000, 0x096a0000)
  eden space 34944K,   0% used [0x06c00000, 0x06c00000, 0x08e20000)
  from space 4352K, 100% used [0x09260000, 0x096a0000, 0x096a0000)
  to   space 4352K,   0% used [0x08e20000, 0x08e20000, 0x09260000)
 concurrent mark-sweep generation total 40356K, used 28992K [0x096a0000, 0x0be09000, 0x0ec00000)
 concurrent-mark-sweep perm gen total 65536K, used 44007K [0x0ec00000, 0x12c00000, 0x12c00000)
}
Event: 828.741 GC heap before
{Heap before GC invocations=17 (full 26):
 par new generation   total 39296K, used 39296K [0x06c00000, 0x096a0000, 0x096a0000)
  eden space 34944K, 100% used [0x06c00000, 0x08e20000, 0x08e20000)
  from space 4352K, 100% used [0x09260000, 0x096a0000, 0x096a0000)
  to   space 4352K,   0% used [0x08e20000, 0x08e20000, 0x09260000)
 concurrent mark-sweep generation total 40356K, used 28992K [0x096a0000, 0x0be09000, 0x0ec00000)
 concurrent-mark-sweep perm gen total 65536K, used 44011K [0x0ec00000, 0x12c00000, 0x12c00000)
Event: 828.753 GC heap after
Heap after GC invocations=18 (full 26):
 par new generation   total 39296K, used 4352K [0x06c00000, 0x096a0000, 0x096a0000)
  eden space 34944K,   0% used [0x06c00000, 0x06c00000, 0x08e20000)
  from space 4352K, 100% used [0x08e20000, 0x09260000, 0x09260000)
  to   space 4352K,   0% used [0x09260000, 0x09260000, 0x096a0000)
 concurrent mark-sweep generation total 40356K, used 32425K [0x096a0000, 0x0be09000, 0x0ec00000)
 concurrent-mark-sweep perm gen total 65536K, used 44011K [0x0ec00000, 0x12c00000, 0x12c00000)
}
Event: 857.652 GC heap before
{Heap before GC invocations=18 (full 27):
 par new generation   total 39296K, used 39296K [0x06c00000, 0x096a0000, 0x096a0000)
  eden space 34944K, 100% used [0x06c00000, 0x08e20000, 0x08e20000)
  from space 4352K, 100% used [0x08e20000, 0x09260000, 0x09260000)
  to   space 4352K,   0% used [0x09260000, 0x09260000, 0x096a0000)
 concurrent mark-sweep generation total 41888K, used 25131K [0x096a0000, 0x0bf88000, 0x0ec00000)
 concurrent-mark-sweep perm gen total 65536K, used 44056K [0x0ec00000, 0x12c00000, 0x12c00000)
Event: 857.657 GC heap after
Heap after GC invocations=19 (full 27):
 par new generation   total 39296K, used 1668K [0x06c00000, 0x096a0000, 0x096a0000)
  eden space 34944K,   0% used [0x06c00000, 0x06c00000, 0x08e20000)
  from space 4352K,  38% used [0x09260000, 0x09401218, 0x096a0000)
  to   space 4352K,   0% used [0x08e20000, 0x08e20000, 0x09260000)
 concurrent mark-sweep generation total 41888K, used 25131K [0x096a0000, 0x0bf88000, 0x0ec00000)
 concurrent-mark-sweep perm gen total 65536K, used 44056K [0x0ec00000, 0x12c00000, 0x12c00000)
}
Event: 887.326 GC heap before
{Heap before GC invocations=19 (full 27):
 par new generation   total 39296K, used 36612K [0x06c00000, 0x096a0000, 0x096a0000)
  eden space 34944K, 100% used [0x06c00000, 0x08e20000, 0x08e20000)
  from space 4352K,  38% used [0x09260000, 0x09401218, 0x096a0000)
  to   space 4352K,   0% used [0x08e20000, 0x08e20000, 0x09260000)
 concurrent mark-sweep generation total 41888K, used 25131K [0x096a0000, 0x0bf88000, 0x0ec00000)
 concurrent-mark-sweep perm gen total 65536K, used 44270K [0x0ec00000, 0x12c00000, 0x12c00000)
Event: 887.329 GC heap after
Heap after GC invocations=20 (full 27):
 par new generation   total 39296K, used 1645K [0x06c00000, 0x096a0000, 0x096a0000)
  eden space 34944K,   0% used [0x06c00000, 0x06c00000, 0x08e20000)
  from space 4352K,  37% used [0x08e20000, 0x08fbb678, 0x09260000)
  to   space 4352K,   0% used [0x09260000, 0x09260000, 0x096a0000)
 concurrent mark-sweep generation total 41888K, used 25131K [0x096a0000, 0x0bf88000, 0x0ec00000)
 concurrent-mark-sweep perm gen total 65536K, used 44270K [0x0ec00000, 0x12c00000, 0x12c00000)
}

