# JRE version: Java(TM) SE Runtime Environment (7.0_71-b14) (build 1.7.0_71-b14)
# Java VM: Java HotSpot(TM) Client VM (24.71-b01 mixed mode windows-x86 )
Heap
 par new generation   total 39296K, used 12835K [0x06e00000, 0x098a0000, 0x098a0000)
  eden space 34944K,  31% used [0x06e00000, 0x078bd8a8, 0x09020000)
  from space 4352K,  42% used [0x09020000, 0x091eb720, 0x09460000)
  to   space 4352K,   0% used [0x09460000, 0x09460000, 0x098a0000)
 concurrent mark-sweep generation total 49748K, used 37786K [0x098a0000, 0x0c935000, 0x0ee00000)
 concurrent-mark-sweep perm gen total 65536K, used 59885K [0x0ee00000, 0x12e00000, 0x12e00000)
GC Heap History (10 events):
Event: 11300.028 GC heap before
{Heap before GC invocations=105 (full 18):
 par new generation   total 39296K, used 38252K [0x06e00000, 0x098a0000, 0x098a0000)
  eden space 34944K, 100% used [0x06e00000, 0x09020000, 0x09020000)
  from space 4352K,  76% used [0x09460000, 0x0979b010, 0x098a0000)
  to   space 4352K,   0% used [0x09020000, 0x09020000, 0x09460000)
 concurrent mark-sweep generation total 49748K, used 35639K [0x098a0000, 0x0c935000, 0x0ee00000)
 concurrent-mark-sweep perm gen total 65536K, used 57996K [0x0ee00000, 0x12e00000, 0x12e00000)
Event: 11300.039 GC heap after
Heap after GC invocations=106 (full 18):
 par new generation   total 39296K, used 3614K [0x06e00000, 0x098a0000, 0x098a0000)
  eden space 34944K,   0% used [0x06e00000, 0x06e00000, 0x09020000)
  from space 4352K,  83% used [0x09020000, 0x093a7878, 0x09460000)
  to   space 4352K,   0% used [0x09460000, 0x09460000, 0x098a0000)
 concurrent mark-sweep generation total 49748K, used 36560K [0x098a0000, 0x0c935000, 0x0ee00000)
 concurrent-mark-sweep perm gen total 65536K, used 57996K [0x0ee00000, 0x12e00000, 0x12e00000)
}
Event: 11343.973 GC heap before
{Heap before GC invocations=106 (full 18):
 par new generation   total 39296K, used 38555K [0x06e00000, 0x098a0000, 0x098a0000)
  eden space 34944K,  99% used [0x06e00000, 0x0901f5a8, 0x09020000)
  from space 4352K,  83% used [0x09020000, 0x093a7878, 0x09460000)
  to   space 4352K,   0% used [0x09460000, 0x09460000, 0x098a0000)
 concurrent mark-sweep generation total 49748K, used 36560K [0x098a0000, 0x0c935000, 0x0ee00000)
 concurrent-mark-sweep perm gen total 65536K, used 59209K [0x0ee00000, 0x12e00000, 0x12e00000)
Event: 11343.980 GC heap after
Heap after GC invocations=107 (full 18):
 par new generation   total 39296K, used 3761K [0x06e00000, 0x098a0000, 0x098a0000)
  eden space 34944K,   0% used [0x06e00000, 0x06e00000, 0x09020000)
  from space 4352K,  86% used [0x09460000, 0x0980c6e8, 0x098a0000)
  to   space 4352K,   0% used [0x09020000, 0x09020000, 0x09460000)
 concurrent mark-sweep generation total 49748K, used 37257K [0x098a0000, 0x0c935000, 0x0ee00000)
 concurrent-mark-sweep perm gen total 65536K, used 59209K [0x0ee00000, 0x12e00000, 0x12e00000)
}
Event: 11665.410 GC heap before
{Heap before GC invocations=107 (full 18):
 par new generation   total 39296K, used 38705K [0x06e00000, 0x098a0000, 0x098a0000)
  eden space 34944K, 100% used [0x06e00000, 0x09020000, 0x09020000)
  from space 4352K,  86% used [0x09460000, 0x0980c6e8, 0x098a0000)
  to   space 4352K,   0% used [0x09020000, 0x09020000, 0x09460000)
 concurrent mark-sweep generation total 49748K, used 37257K [0x098a0000, 0x0c935000, 0x0ee00000)
 concurrent-mark-sweep perm gen total 65536K, used 59487K [0x0ee00000, 0x12e00000, 0x12e00000)
Event: 11665.416 GC heap after
Heap after GC invocations=108 (full 18):
 par new generation   total 39296K, used 2308K [0x06e00000, 0x098a0000, 0x098a0000)
  eden space 34944K,   0% used [0x06e00000, 0x06e00000, 0x09020000)
  from space 4352K,  53% used [0x09020000, 0x092610c0, 0x09460000)
  to   space 4352K,   0% used [0x09460000, 0x09460000, 0x098a0000)
 concurrent mark-sweep generation total 49748K, used 37786K [0x098a0000, 0x0c935000, 0x0ee00000)
 concurrent-mark-sweep perm gen total 65536K, used 59487K [0x0ee00000, 0x12e00000, 0x12e00000)
}
Event: 15583.292 GC heap before
{Heap before GC invocations=108 (full 18):
 par new generation   total 39296K, used 37252K [0x06e00000, 0x098a0000, 0x098a0000)
  eden space 34944K, 100% used [0x06e00000, 0x09020000, 0x09020000)
  from space 4352K,  53% used [0x09020000, 0x092610c0, 0x09460000)
  to   space 4352K,   0% used [0x09460000, 0x09460000, 0x098a0000)
 concurrent mark-sweep generation total 49748K, used 37786K [0x098a0000, 0x0c935000, 0x0ee00000)
 concurrent-mark-sweep perm gen total 65536K, used 59487K [0x0ee00000, 0x12e00000, 0x12e00000)
Event: 15583.297 GC heap after
Heap after GC invocations=109 (full 18):
 par new generation   total 39296K, used 1561K [0x06e00000, 0x098a0000, 0x098a0000)
  eden space 34944K,   0% used [0x06e00000, 0x06e00000, 0x09020000)
  from space 4352K,  35% used [0x09460000, 0x095e66f8, 0x098a0000)
  to   space 4352K,   0% used [0x09020000, 0x09020000, 0x09460000)
 concurrent mark-sweep generation total 49748K, used 37786K [0x098a0000, 0x0c935000, 0x0ee00000)
 concurrent-mark-sweep perm gen total 65536K, used 59487K [0x0ee00000, 0x12e00000, 0x12e00000)
}
Event: 15818.680 GC heap before
{Heap before GC invocations=109 (full 18):
 par new generation   total 39296K, used 36505K [0x06e00000, 0x098a0000, 0x098a0000)
  eden space 34944K, 100% used [0x06e00000, 0x09020000, 0x09020000)
  from space 4352K,  35% used [0x09460000, 0x095e66f8, 0x098a0000)
  to   space 4352K,   0% used [0x09020000, 0x09020000, 0x09460000)
 concurrent mark-sweep generation total 49748K, used 37786K [0x098a0000, 0x0c935000, 0x0ee00000)
 concurrent-mark-sweep perm gen total 65536K, used 59546K [0x0ee00000, 0x12e00000, 0x12e00000)
Event: 15818.683 GC heap after
Heap after GC invocations=110 (full 18):
 par new generation   total 39296K, used 1837K [0x06e00000, 0x098a0000, 0x098a0000)
  eden space 34944K,   0% used [0x06e00000, 0x06e00000, 0x09020000)
  from space 4352K,  42% used [0x09020000, 0x091eb720, 0x09460000)
  to   space 4352K,   0% used [0x09460000, 0x09460000, 0x098a0000)
 concurrent mark-sweep generation total 49748K, used 37786K [0x098a0000, 0x0c935000, 0x0ee00000)
 concurrent-mark-sweep perm gen total 65536K, used 59546K [0x0ee00000, 0x12e00000, 0x12e00000)
}

