# JRE version: Java(TM) SE Runtime Environment (7.0_71-b14) (build 1.7.0_71-b14)
# Java VM: Java HotSpot(TM) Client VM (24.71-b01 mixed mode windows-x86 )
Heap
 par new generation   total 39296K, used 8887K [0x06c00000, 0x096a0000, 0x096a0000)
  eden space 34944K,  19% used [0x06c00000, 0x072a17f8, 0x08e20000)
  from space 4352K,  48% used [0x08e20000, 0x0902c710, 0x09260000)
  to   space 4352K,   0% used [0x09260000, 0x09260000, 0x096a0000)
 concurrent mark-sweep generation total 45196K, used 29707K [0x096a0000, 0x0c2c3000, 0x0ec00000)
 concurrent-mark-sweep perm gen total 65536K, used 50003K [0x0ec00000, 0x12c00000, 0x12c00000)
GC Heap History (10 events):
Event: 443.619 GC heap before
{Heap before GC invocations=15 (full 5):
 par new generation   total 39296K, used 36574K [0x06c00000, 0x096a0000, 0x096a0000)
  eden space 34944K, 100% used [0x06c00000, 0x08e20000, 0x08e20000)
  from space 4352K,  37% used [0x09260000, 0x093f7908, 0x096a0000)
  to   space 4352K,   0% used [0x08e20000, 0x08e20000, 0x09260000)
 concurrent mark-sweep generation total 45196K, used 27245K [0x096a0000, 0x0c2c3000, 0x0ec00000)
 concurrent-mark-sweep perm gen total 65536K, used 47551K [0x0ec00000, 0x12c00000, 0x12c00000)
Event: 443.625 GC heap after
Heap after GC invocations=16 (full 5):
 par new generation   total 39296K, used 3951K [0x06c00000, 0x096a0000, 0x096a0000)
  eden space 34944K,   0% used [0x06c00000, 0x06c00000, 0x08e20000)
  from space 4352K,  90% used [0x08e20000, 0x091fbe08, 0x09260000)
  to   space 4352K,   0% used [0x09260000, 0x09260000, 0x096a0000)
 concurrent mark-sweep generation total 45196K, used 27245K [0x096a0000, 0x0c2c3000, 0x0ec00000)
 concurrent-mark-sweep perm gen total 65536K, used 47551K [0x0ec00000, 0x12c00000, 0x12c00000)
}
Event: 554.500 GC heap before
{Heap before GC invocations=16 (full 5):
 par new generation   total 39296K, used 38895K [0x06c00000, 0x096a0000, 0x096a0000)
  eden space 34944K, 100% used [0x06c00000, 0x08e20000, 0x08e20000)
  from space 4352K,  90% used [0x08e20000, 0x091fbe08, 0x09260000)
  to   space 4352K,   0% used [0x09260000, 0x09260000, 0x096a0000)
 concurrent mark-sweep generation total 45196K, used 27245K [0x096a0000, 0x0c2c3000, 0x0ec00000)
 concurrent-mark-sweep perm gen total 65536K, used 47982K [0x0ec00000, 0x12c00000, 0x12c00000)
Event: 554.506 GC heap after
Heap after GC invocations=17 (full 5):
 par new generation   total 39296K, used 2276K [0x06c00000, 0x096a0000, 0x096a0000)
  eden space 34944K,   0% used [0x06c00000, 0x06c00000, 0x08e20000)
  from space 4352K,  52% used [0x09260000, 0x09499198, 0x096a0000)
  to   space 4352K,   0% used [0x08e20000, 0x08e20000, 0x09260000)
 concurrent mark-sweep generation total 45196K, used 28849K [0x096a0000, 0x0c2c3000, 0x0ec00000)
 concurrent-mark-sweep perm gen total 65536K, used 47982K [0x0ec00000, 0x12c00000, 0x12c00000)
}
Event: 1670.569 GC heap before
{Heap before GC invocations=17 (full 5):
 par new generation   total 39296K, used 37220K [0x06c00000, 0x096a0000, 0x096a0000)
  eden space 34944K, 100% used [0x06c00000, 0x08e20000, 0x08e20000)
  from space 4352K,  52% used [0x09260000, 0x09499198, 0x096a0000)
  to   space 4352K,   0% used [0x08e20000, 0x08e20000, 0x09260000)
 concurrent mark-sweep generation total 45196K, used 28849K [0x096a0000, 0x0c2c3000, 0x0ec00000)
 concurrent-mark-sweep perm gen total 65536K, used 47992K [0x0ec00000, 0x12c00000, 0x12c00000)
Event: 1670.572 GC heap after
Heap after GC invocations=18 (full 5):
 par new generation   total 39296K, used 1289K [0x06c00000, 0x096a0000, 0x096a0000)
  eden space 34944K,   0% used [0x06c00000, 0x06c00000, 0x08e20000)
  from space 4352K,  29% used [0x08e20000, 0x08f626d8, 0x09260000)
  to   space 4352K,   0% used [0x09260000, 0x09260000, 0x096a0000)
 concurrent mark-sweep generation total 45196K, used 28849K [0x096a0000, 0x0c2c3000, 0x0ec00000)
 concurrent-mark-sweep perm gen total 65536K, used 47992K [0x0ec00000, 0x12c00000, 0x12c00000)
}
Event: 1737.242 GC heap before
{Heap before GC invocations=18 (full 5):
 par new generation   total 39296K, used 36233K [0x06c00000, 0x096a0000, 0x096a0000)
  eden space 34944K, 100% used [0x06c00000, 0x08e20000, 0x08e20000)
  from space 4352K,  29% used [0x08e20000, 0x08f626d8, 0x09260000)
  to   space 4352K,   0% used [0x09260000, 0x09260000, 0x096a0000)
 concurrent mark-sweep generation total 45196K, used 28849K [0x096a0000, 0x0c2c3000, 0x0ec00000)
 concurrent-mark-sweep perm gen total 65536K, used 49365K [0x0ec00000, 0x12c00000, 0x12c00000)
Event: 1737.249 GC heap after
Heap after GC invocations=19 (full 5):
 par new generation   total 39296K, used 4111K [0x06c00000, 0x096a0000, 0x096a0000)
  eden space 34944K,   0% used [0x06c00000, 0x06c00000, 0x08e20000)
  from space 4352K,  94% used [0x09260000, 0x09663f70, 0x096a0000)
  to   space 4352K,   0% used [0x08e20000, 0x08e20000, 0x09260000)
 concurrent mark-sweep generation total 45196K, used 28849K [0x096a0000, 0x0c2c3000, 0x0ec00000)
 concurrent-mark-sweep perm gen total 65536K, used 49365K [0x0ec00000, 0x12c00000, 0x12c00000)
}
Event: 2019.692 GC heap before
{Heap before GC invocations=19 (full 5):
 par new generation   total 39296K, used 39055K [0x06c00000, 0x096a0000, 0x096a0000)
  eden space 34944K, 100% used [0x06c00000, 0x08e20000, 0x08e20000)
  from space 4352K,  94% used [0x09260000, 0x09663f70, 0x096a0000)
  to   space 4352K,   0% used [0x08e20000, 0x08e20000, 0x09260000)
 concurrent mark-sweep generation total 45196K, used 28849K [0x096a0000, 0x0c2c3000, 0x0ec00000)
 concurrent-mark-sweep perm gen total 65536K, used 49596K [0x0ec00000, 0x12c00000, 0x12c00000)
Event: 2019.698 GC heap after
Heap after GC invocations=20 (full 5):
 par new generation   total 39296K, used 2097K [0x06c00000, 0x096a0000, 0x096a0000)
  eden space 34944K,   0% used [0x06c00000, 0x06c00000, 0x08e20000)
  from space 4352K,  48% used [0x08e20000, 0x0902c710, 0x09260000)
  to   space 4352K,   0% used [0x09260000, 0x09260000, 0x096a0000)
 concurrent mark-sweep generation total 45196K, used 29707K [0x096a0000, 0x0c2c3000, 0x0ec00000)
 concurrent-mark-sweep perm gen total 65536K, used 49596K [0x0ec00000, 0x12c00000, 0x12c00000)
}

